<?xml version="1.0" encoding="UTF-8"?>
<testsuites>
  <testsuite name="" tests="14" assertions="9" failures="0" errors="1" time="0.074304">
    <testsuite name="ControllerTests" tests="4" assertions="2" failures="0" errors="1" time="0.026607">
      <testsuite name="CI_Unit_Test_class_Test" file="/Users/roman/RomanFiles/Homepages/klickagent/clients/zhaw/istudybooks/src/main/php/webapp/application/tests/controllers/CI_Unit_Test_class_Test.php" fullPackage="CI.Unit.Test.class" tests="1" assertions="0" failures="0" errors="0" time="0.002638">
        <testcase name="test_CI_Unit_Test_Class" class="CI_Unit_Test_class_Test" file="/Users/roman/RomanFiles/Homepages/klickagent/clients/zhaw/istudybooks/src/main/php/webapp/application/tests/controllers/CI_Unit_Test_class_Test.php" line="13" assertions="0" time="0.002638"/>
      </testsuite>
      <testsuite name="SomeControllerTest" file="/Users/roman/RomanFiles/Homepages/klickagent/clients/zhaw/istudybooks/src/main/php/webapp/application/tests/controllers/SomeControllerTest.php" tests="1" assertions="1" failures="0" errors="0" time="0.010805">
        <testcase name="testWelcomeController" class="SomeControllerTest" file="/Users/roman/RomanFiles/Homepages/klickagent/clients/zhaw/istudybooks/src/main/php/webapp/application/tests/controllers/SomeControllerTest.php" line="15" assertions="1" time="0.010805"/>
      </testsuite>
      <testsuite name="OfferControllerTest" file="/Users/roman/RomanFiles/Homepages/klickagent/clients/zhaw/istudybooks/src/main/php/webapp/application/tests/controllers/ediOfferTest.php" tests="1" assertions="0" failures="0" errors="1" time="0.004129">
        <testcase name="testOfferController" class="OfferControllerTest" file="/Users/roman/RomanFiles/Homepages/klickagent/clients/zhaw/istudybooks/src/main/php/webapp/application/tests/controllers/ediOfferTest.php" line="19" assertions="0" time="0.004129">
          <error type="ReflectionException">OfferControllerTest::testOfferController
ReflectionException: Class login required does not exist

</error>
        </testcase>
      </testsuite>
      <testsuite name="VerifyLoginControllerTest" file="/Users/roman/RomanFiles/Homepages/klickagent/clients/zhaw/istudybooks/src/main/php/webapp/application/tests/controllers/verifyloginTest.php" tests="1" assertions="1" failures="0" errors="0" time="0.009035">
        <testcase name="testverifyloginController" class="VerifyLoginControllerTest" file="/Users/roman/RomanFiles/Homepages/klickagent/clients/zhaw/istudybooks/src/main/php/webapp/application/tests/controllers/verifyloginTest.php" line="16" assertions="1" time="0.009035"/>
      </testsuite>
    </testsuite>
    <testsuite name="HelperTests" tests="1" assertions="0" failures="0" errors="0" time="0.001324">
      <testsuite name="HelperTest" file="/Users/roman/RomanFiles/Homepages/klickagent/clients/zhaw/istudybooks/src/main/php/webapp/application/tests/helpers/HelperTest.php" tests="1" assertions="0" failures="0" errors="0" time="0.001324">
        <testcase name="testSampleFunction" class="HelperTest" file="/Users/roman/RomanFiles/Homepages/klickagent/clients/zhaw/istudybooks/src/main/php/webapp/application/tests/helpers/HelperTest.php" line="14" assertions="0" time="0.001324"/>
      </testsuite>
    </testsuite>
    <testsuite name="LibTests" tests="1" assertions="0" failures="0" errors="0" time="0.001349">
      <testsuite name="SomeLibTest" file="/Users/roman/RomanFiles/Homepages/klickagent/clients/zhaw/istudybooks/src/main/php/webapp/application/tests/libs/SomeLibTest.php" tests="1" assertions="0" failures="0" errors="0" time="0.001349">
        <testcase name="testMethod" class="SomeLibTest" file="/Users/roman/RomanFiles/Homepages/klickagent/clients/zhaw/istudybooks/src/main/php/webapp/application/tests/libs/SomeLibTest.php" line="17" assertions="0" time="0.001349"/>
      </testsuite>
    </testsuite>
    <testsuite name="ModelTests" tests="6" assertions="5" failures="0" errors="0" time="0.042075">
      <testsuite name="SomeModelTest" file="/Users/roman/RomanFiles/Homepages/klickagent/clients/zhaw/istudybooks/src/main/php/webapp/application/tests/models/SomeModelTest.php" tests="1" assertions="0" failures="0" errors="0" time="0.001305">
        <testcase name="testProductFetching" class="SomeModelTest" file="/Users/roman/RomanFiles/Homepages/klickagent/clients/zhaw/istudybooks/src/main/php/webapp/application/tests/models/SomeModelTest.php" line="41" assertions="0" time="0.001305"/>
      </testsuite>
      <testsuite name="OfferModel" file="/Users/roman/RomanFiles/Homepages/klickagent/clients/zhaw/istudybooks/src/main/php/webapp/application/tests/models/offersModelTest.php" tests="3" assertions="3" failures="0" errors="0" time="0.025680">
        <testcase name="testGetArticleTypeTest" class="OfferModel" file="/Users/roman/RomanFiles/Homepages/klickagent/clients/zhaw/istudybooks/src/main/php/webapp/application/tests/models/offersModelTest.php" line="52" assertions="1" time="0.007423"/>
        <testcase name="testGetArticleType_Fail" class="OfferModel" file="/Users/roman/RomanFiles/Homepages/klickagent/clients/zhaw/istudybooks/src/main/php/webapp/application/tests/models/offersModelTest.php" line="60" assertions="1" time="0.010400"/>
        <testcase name="testAddBookToDB" class="OfferModel" file="/Users/roman/RomanFiles/Homepages/klickagent/clients/zhaw/istudybooks/src/main/php/webapp/application/tests/models/offersModelTest.php" line="67" assertions="1" time="0.007857"/>
      </testsuite>
      <testsuite name="userModel" file="/Users/roman/RomanFiles/Homepages/klickagent/clients/zhaw/istudybooks/src/main/php/webapp/application/tests/models/userModelTest.php" tests="2" assertions="2" failures="0" errors="0" time="0.015090">
        <testcase name="testloginSuccess" class="userModel" file="/Users/roman/RomanFiles/Homepages/klickagent/clients/zhaw/istudybooks/src/main/php/webapp/application/tests/models/userModelTest.php" line="36" assertions="1" time="0.009349"/>
        <testcase name="testloginFail" class="userModel" file="/Users/roman/RomanFiles/Homepages/klickagent/clients/zhaw/istudybooks/src/main/php/webapp/application/tests/models/userModelTest.php" line="43" assertions="1" time="0.005741"/>
      </testsuite>
    </testsuite>
    <testsuite name="SystemTests" tests="2" assertions="2" failures="0" errors="0" time="0.002949">
      <testsuite name="PHPTest" file="/Users/roman/RomanFiles/Homepages/klickagent/clients/zhaw/istudybooks/src/main/php/webapp/application/tests/system/PHPTest.php" tests="2" assertions="2" failures="0" errors="0" time="0.002949">
        <testcase name="testFunctionJsonEncode" class="PHPTest" file="/Users/roman/RomanFiles/Homepages/klickagent/clients/zhaw/istudybooks/src/main/php/webapp/application/tests/system/PHPTest.php" line="14" assertions="1" time="0.001642"/>
        <testcase name="testPhpVersion" class="PHPTest" file="/Users/roman/RomanFiles/Homepages/klickagent/clients/zhaw/istudybooks/src/main/php/webapp/application/tests/system/PHPTest.php" line="19" assertions="1" time="0.001307"/>
      </testsuite>
    </testsuite>
  </testsuite>
</testsuites>
